# JRE version: OpenJDK Runtime Environment Corretto-17.0.5.8.1 (17.0.5+8) (build 17.0.5+8-LTS)
# Java VM: OpenJDK 64-Bit Server VM Corretto-17.0.5.8.1 (17.0.5+8-LTS, mixed mode, emulated-client, sharing, tiered, compressed oops, compressed class ptrs, g1 gc, windows-amd64)
GC Precious Log:
 CPUs: 2 total, 2 available
 Memory: 3959M
 Large Page Support: Disabled
 NUMA Support: Disabled
 Compressed Oops: Enabled (32-bit)
 Heap Region Size: 1M
 Heap Min Capacity: 8M
 Heap Initial Capacity: 62M
 Heap Max Capacity: 990M
 Pre-touch: Disabled
 Parallel Workers: 2
 Concurrent Workers: 1
 Concurrent Refinement Workers: 2
 Periodic GC: Disabled
Heap:
 garbage-first heap   total 63488K, used 21873K [0x00000000c2200000, 0x0000000100000000)
  region size 1024K, 18 young (18432K), 5 survivors (5120K)
 Metaspace       used 18104K, committed 18432K, reserved 1073152K
  class space    used 2412K, committed 2560K, reserved 1048576K
GC Heap History (10 events):
Event: 5.550 GC heap before
{Heap before GC invocations=0 (full 0):
 garbage-first heap   total 63488K, used 6144K [0x00000000c2200000, 0x0000000100000000)
  region size 1024K, 6 young (6144K), 0 survivors (0K)
 Metaspace       used 1802K, committed 1920K, reserved 1056768K
  class space    used 183K, committed 256K, reserved 1048576K
}
Event: 5.618 GC heap after
{Heap after GC invocations=1 (full 0):
 garbage-first heap   total 63488K, used 5304K [0x00000000c2200000, 0x0000000100000000)
  region size 1024K, 1 young (1024K), 1 survivors (1024K)
 Metaspace       used 1802K, committed 1920K, reserved 1056768K
  class space    used 183K, committed 256K, reserved 1048576K
}
Event: 6.949 GC heap before
{Heap before GC invocations=1 (full 0):
 garbage-first heap   total 63488K, used 7352K [0x00000000c2200000, 0x0000000100000000)
  region size 1024K, 3 young (3072K), 1 survivors (1024K)
 Metaspace       used 2979K, committed 3200K, reserved 1056768K
  class space    used 348K, committed 448K, reserved 1048576K
}
Event: 6.954 GC heap after
{Heap after GC invocations=2 (full 0):
 garbage-first heap   total 63488K, used 5755K [0x00000000c2200000, 0x0000000100000000)
  region size 1024K, 1 young (1024K), 1 survivors (1024K)
 Metaspace       used 2979K, committed 3200K, reserved 1056768K
  class space    used 348K, committed 448K, reserved 1048576K
}
Event: 9.045 GC heap before
{Heap before GC invocations=2 (full 0):
 garbage-first heap   total 63488K, used 12923K [0x00000000c2200000, 0x0000000100000000)
  region size 1024K, 8 young (8192K), 1 survivors (1024K)
 Metaspace       used 6422K, committed 6528K, reserved 1056768K
  class space    used 791K, committed 832K, reserved 1048576K
}
Event: 9.051 GC heap after
{Heap after GC invocations=3 (full 0):
 garbage-first heap   total 63488K, used 6806K [0x00000000c2200000, 0x0000000100000000)
  region size 1024K, 1 young (1024K), 1 survivors (1024K)
 Metaspace       used 6422K, committed 6528K, reserved 1056768K
  class space    used 791K, committed 832K, reserved 1048576K
}
Event: 11.274 GC heap before
{Heap before GC invocations=3 (full 0):
 garbage-first heap   total 63488K, used 21142K [0x00000000c2200000, 0x0000000100000000)
  region size 1024K, 15 young (15360K), 1 survivors (1024K)
 Metaspace       used 9626K, committed 9920K, reserved 1064960K
  class space    used 1281K, committed 1408K, reserved 1048576K
}
Event: 11.283 GC heap after
{Heap after GC invocations=4 (full 0):
 garbage-first heap   total 63488K, used 8036K [0x00000000c2200000, 0x0000000100000000)
  region size 1024K, 2 young (2048K), 2 survivors (2048K)
 Metaspace       used 9626K, committed 9920K, reserved 1064960K
  class space    used 1281K, committed 1408K, reserved 1048576K
}
Event: 13.427 GC heap before
{Heap before GC invocations=4 (full 0):
 garbage-first heap   total 63488K, used 39780K [0x00000000c2200000, 0x0000000100000000)
  region size 1024K, 34 young (34816K), 2 survivors (2048K)
 Metaspace       used 17128K, committed 17408K, reserved 1064960K
  class space    used 2261K, committed 2368K, reserved 1048576K
}
Event: 13.461 GC heap after
{Heap after GC invocations=5 (full 0):
 garbage-first heap   total 63488K, used 10609K [0x00000000c2200000, 0x0000000100000000)
  region size 1024K, 5 young (5120K), 5 survivors (5120K)
 Metaspace       used 17128K, committed 17408K, reserved 1064960K
  class space    used 2261K, committed 2368K, reserved 1048576K
}

